<?xml version="1.0" encoding="UTF-8"?>
<testng-results skipped="0" failed="0" total="1" passed="1">
  <reporter-output>
  </reporter-output>
  <suite name="Default suite" duration-ms="16307" started-at="2019-01-14T07:08:08Z" finished-at="2019-01-14T07:08:24Z">
    <groups>
    </groups>
    <test name="Default test" duration-ms="16307" started-at="2019-01-14T07:08:08Z" finished-at="2019-01-14T07:08:24Z">
      <class name="com.pengke.AutoTestDemo.TestLogin">
        <test-method status="PASS" signature="beforeClass()[pri:0, instance:com.pengke.AutoTestDemo.TestLogin@c285f4]" name="beforeClass" is-config="true" duration-ms="12287" started-at="2019-01-14T15:08:08Z" finished-at="2019-01-14T15:08:20Z">
          <reporter-output>
          </reporter-output>
        </test-method> <!-- beforeClass -->
        <test-method status="PASS" signature="testLogin()[pri:0, instance:com.pengke.AutoTestDemo.TestLogin@c285f4]" name="testLogin" duration-ms="4002" started-at="2019-01-14T15:08:20Z" finished-at="2019-01-14T15:08:24Z">
          <reporter-output>
          </reporter-output>
        </test-method> <!-- testLogin -->
      </class> <!-- com.pengke.AutoTestDemo.TestLogin -->
    </test> <!-- Default test -->
  </suite> <!-- Default suite -->
</testng-results>
