<?xml version="1.0" encoding="UTF-8"?>
<testng-results skipped="0" failed="0" total="1" passed="1">
  <reporter-output>
  </reporter-output>
  <suite name="Default suite" duration-ms="16108" started-at="2019-01-14T12:54:56Z" finished-at="2019-01-14T12:55:12Z">
    <groups>
    </groups>
    <test name="Default test" duration-ms="16108" started-at="2019-01-14T12:54:56Z" finished-at="2019-01-14T12:55:12Z">
      <class name="com.pengke.AutoTestDemo.TestLogin">
        <test-method status="PASS" signature="beforeClass()[pri:0, instance:com.pengke.AutoTestDemo.TestLogin@17e2f02]" name="beforeClass" is-config="true" duration-ms="9542" started-at="2019-01-14T20:54:56Z" finished-at="2019-01-14T20:55:05Z">
          <reporter-output>
          </reporter-output>
        </test-method> <!-- beforeClass -->
        <test-method status="PASS" signature="testHHULogin()[pri:0, instance:com.pengke.AutoTestDemo.TestLogin@17e2f02]" name="testHHULogin" duration-ms="6549" started-at="2019-01-14T20:55:05Z" finished-at="2019-01-14T20:55:12Z">
          <reporter-output>
          </reporter-output>
        </test-method> <!-- testHHULogin -->
      </class> <!-- com.pengke.AutoTestDemo.TestLogin -->
    </test> <!-- Default test -->
  </suite> <!-- Default suite -->
</testng-results>
